0 info it worked if it ends with ok
1 verbose cli [ 'C:\\Program Files\\nodejs\\node.exe',
1 verbose cli   'C:\\Users\\atom\\AppData\\Roaming\\npm\\node_modules\\npm\\bin\\npm-cli.js',
1 verbose cli   'start' ]
2 info using npm@4.0.2
3 info using node@v8.9.4
4 verbose run-script [ 'prestart', 'start', 'poststart' ]
5 info lifecycle spookmarks@1.0.0~prestart: spookmarks@1.0.0
6 silly lifecycle spookmarks@1.0.0~prestart: no script for prestart, continuing
7 info lifecycle spookmarks@1.0.0~start: spookmarks@1.0.0
8 verbose lifecycle spookmarks@1.0.0~start: unsafe-perm in lifecycle true
9 verbose lifecycle spookmarks@1.0.0~start: PATH: C:\Users\atom\AppData\Roaming\npm\node_modules\npm\bin\node-gyp-bin;C:\Users\atom\sites\phantom\node_modules\.bin;C:\ProgramData\Oracle\Java\javapath;C:\WINDOWS\system32;C:\WINDOWS;C:\WINDOWS\System32\Wbem;C:\WINDOWS\System32\WindowsPowerShell\v1.0\;C:\Program Files (x86)\ATI Technologies\ATI.ACE\Core-Static;C:\Program Files (x86)\AMD\ATI.ACE\Core-Static;C:\Program Files (x86)\NVIDIA Corporation\PhysX\Common;C:\WINDOWS\system32;C:\WINDOWS;C:\WINDOWS\System32\Wbem;C:\WINDOWS\System32\WindowsPowerShell\v1.0\;C:\Program Files\SourceGear\Common\DiffMerge\;C:\Program Files\Intel\WiFi\bin\;C:\Program Files\Common Files\Intel\WirelessCommon\;C:\xampp\php;C:\Program Files (x86)\Windows Kits\8.1\Windows Performance Toolkit\;C:\Program Files (x86)\acquia\php7_0;C:\ProgramData\ComposerSetup\bin;C:\ProgramData\chocolatey\bin;C:\Program Files\nodejs\;C:\Program Files\Git\cmd;C:\Ruby23\bin;C:\Program Files\Intel\WiFi\bin\;C:\Program Files\Common Files\Intel\WirelessCommon\;C:\Users\atom\AppData\Local\Microsoft\WindowsApps;C:\Users\atom\AppData\Roaming\Composer\vendor\bin;;C:\Program Files\Microsoft VS Code\bin;C:\Users\atom\AppData\Roaming\npm
10 verbose lifecycle spookmarks@1.0.0~start: CWD: C:\Users\atom\sites\phantom
11 silly lifecycle spookmarks@1.0.0~start: Args: [ '/d /s /c',
11 silly lifecycle   'webpack-dev-server --open --config webpack.dev.js' ]
12 silly lifecycle spookmarks@1.0.0~start: Returned: code: 1  signal: null
13 info lifecycle spookmarks@1.0.0~start: Failed to exec start script
14 verbose stack Error: spookmarks@1.0.0 start: `webpack-dev-server --open --config webpack.dev.js`
14 verbose stack Exit status 1
14 verbose stack     at EventEmitter.<anonymous> (C:\Users\atom\AppData\Roaming\npm\node_modules\npm\lib\utils\lifecycle.js:279:16)
14 verbose stack     at emitTwo (events.js:126:13)
14 verbose stack     at EventEmitter.emit (events.js:214:7)
14 verbose stack     at ChildProcess.<anonymous> (C:\Users\atom\AppData\Roaming\npm\node_modules\npm\lib\utils\spawn.js:40:14)
14 verbose stack     at emitTwo (events.js:126:13)
14 verbose stack     at ChildProcess.emit (events.js:214:7)
14 verbose stack     at maybeClose (internal/child_process.js:925:16)
14 verbose stack     at Process.ChildProcess._handle.onexit (internal/child_process.js:209:5)
15 verbose pkgid spookmarks@1.0.0
16 verbose cwd C:\Users\atom\sites\phantom
17 error Windows_NT 10.0.16299
18 error argv "C:\\Program Files\\nodejs\\node.exe" "C:\\Users\\atom\\AppData\\Roaming\\npm\\node_modules\\npm\\bin\\npm-cli.js" "start"
19 error node v8.9.4
20 error npm  v4.0.2
21 error code ELIFECYCLE
22 error spookmarks@1.0.0 start: `webpack-dev-server --open --config webpack.dev.js`
22 error Exit status 1
23 error Failed at the spookmarks@1.0.0 start script 'webpack-dev-server --open --config webpack.dev.js'.
23 error Make sure you have the latest version of node.js and npm installed.
23 error If you do, this is most likely a problem with the spookmarks package,
23 error not with npm itself.
23 error Tell the author that this fails on your system:
23 error     webpack-dev-server --open --config webpack.dev.js
23 error You can get information on how to open an issue for this project with:
23 error     npm bugs spookmarks
23 error Or if that isn't available, you can get their info via:
23 error     npm owner ls spookmarks
23 error There is likely additional logging output above.
24 verbose exit [ 1, true ]
